2024-04-14 16:07:13.656 | WARNING  | utils:wrapper:18 - 错误信息: type: ValueError, unknown url type: '' in function dingtalk at line: 373
2024-04-14 16:09:25.926 | WARNING  | utils:wrapper:18 - 错误信息: type: ValueError, unknown url type: '' in function dingtalk at line: 373
2024-04-14 16:11:27.702 | WARNING  | utils:wrapper:18 - 错误信息: type: ValueError, unknown url type: '' in function dingtalk at line: 373
2024-04-14 16:40:21.380 | WARNING  | utils:wrapper:18 - 错误信息: type: JSONDecodeError, Expecting value: line 1 column 1 (char 0) in function get_douyin_stream_data at line: 355
2024-04-14 16:40:21.380 | WARNING  | utils:wrapper:18 - 错误信息: type: AttributeError, 'list' object has no attribute 'get' in function get_douyin_stream_url at line: 275
2024-04-14 16:40:21.382 | WARNING  | __main__:start_record:1345 - 错误信息: 'list' object has no attribute 'get' 发生错误的行数: 974
2024-04-14 17:09:20.140 | WARNING  | utils:wrapper:18 - 错误信息: type: ValueError, unknown url type: '' in function dingtalk at line: 373
2024-04-14 17:09:24.761 | WARNING  | utils:wrapper:18 - 错误信息: type: ValueError, unknown url type: '' in function dingtalk at line: 373
2024-04-14 18:00:54.949 | WARNING  | utils:wrapper:18 - 错误信息: type: ValueError, unknown url type: '' in function dingtalk at line: 373
2024-04-14 19:21:54.348 | WARNING  | utils:wrapper:18 - 错误信息: type: ValueError, unknown url type: '' in function dingtalk at line: 373
2024-04-14 20:12:36.814 | WARNING  | utils:wrapper:18 - 错误信息: type: ValueError, unknown url type: '' in function dingtalk at line: 373
2024-04-14 20:30:58.871 | WARNING  | utils:wrapper:18 - 错误信息: type: ValueError, unknown url type: '' in function dingtalk at line: 373
2024-04-14 20:46:39.539 | WARNING  | utils:wrapper:18 - 错误信息: type: ValueError, unknown url type: '' in function dingtalk at line: 373
2024-04-14 20:46:45.609 | WARNING  | __main__:start_record:1322 - 错误信息: Command '['ffmpeg', '-y', '-v', 'verbose', '-rw_timeout', '30000000', '-loglevel', 'error', '-hide_banner', '-user_agent', 'Mozilla/5.0 (Linux; Android 11; SAMSUNG SM-G973U) AppleWebKit/537.36 (KHTML, like Gecko) SamsungBrowser/14.2 Chrome/87.0.4280.141 Mobile Safari/537.36', '-protocol_whitelist', 'rtmp,crypto,file,http,https,tcp,tls,udp,rtp', '-thread_queue_size', '1024', '-analyzeduration', '20000000', '-probesize', '10000000', '-fflags', '+discardcorrupt', '-i', 'http://pull-hs-f5.flive.douyincdn.com/stage/stream-114964076276220586_ld/index.m3u8?expire=1713703599&sign=638730cbb042703096ef548180d7b3f0&volcSecret=638730cbb042703096ef548180d7b3f0&volcTime=1713703599', '-bufsize', '8000k', '-sn', '-dn', '-reconnect_delay_max', '60', '-reconnect_streamed', '-reconnect_at_eof', '-max_muxing_queue_size', '1024', '-correct_ts_overflow', '1', '-c:v', 'copy', '-c:a', 'copy', '-map', '0', '-f', 'mpegts', 'D:/git/DouyinLiveRecorder/downloads/抖音直播/n_王刚刚/n_王刚刚_2024-04-14_20-46-39.ts']' returned non-zero exit status 1. 发生错误的行数: 1314
2024-04-14 21:37:34.548 | WARNING  | utils:wrapper:18 - 错误信息: type: ValueError, unknown url type: '' in function dingtalk at line: 373
2024-04-14 21:49:56.021 | WARNING  | utils:wrapper:18 - 错误信息: type: JSONDecodeError, Expecting value: line 1 column 1 (char 0) in function get_douyin_stream_data at line: 355
2024-04-14 21:49:56.022 | WARNING  | utils:wrapper:18 - 错误信息: type: AttributeError, 'list' object has no attribute 'get' in function get_douyin_stream_url at line: 275
2024-04-14 21:49:56.022 | WARNING  | __main__:start_record:1345 - 错误信息: 'list' object has no attribute 'get' 发生错误的行数: 974
2024-04-14 21:56:17.963 | WARNING  | utils:wrapper:18 - 错误信息: type: ValueError, unknown url type: '' in function dingtalk at line: 373
2024-04-14 21:56:22.713 | WARNING  | __main__:start_record:1322 - 错误信息: Command '['ffmpeg', '-y', '-v', 'verbose', '-rw_timeout', '30000000', '-loglevel', 'error', '-hide_banner', '-user_agent', 'Mozilla/5.0 (Linux; Android 11; SAMSUNG SM-G973U) AppleWebKit/537.36 (KHTML, like Gecko) SamsungBrowser/14.2 Chrome/87.0.4280.141 Mobile Safari/537.36', '-protocol_whitelist', 'rtmp,crypto,file,http,https,tcp,tls,udp,rtp', '-thread_queue_size', '1024', '-analyzeduration', '20000000', '-probesize', '10000000', '-fflags', '+discardcorrupt', '-i', 'http://pull-hls-l11.douyincdn.com/stage/stream-691425139157631121_ld.m3u8?expire=1713707777&sign=479b3c9a6a22bee66881a73dd511ada3', '-bufsize', '8000k', '-sn', '-dn', '-reconnect_delay_max', '60', '-reconnect_streamed', '-reconnect_at_eof', '-max_muxing_queue_size', '1024', '-correct_ts_overflow', '1', '-c:v', 'copy', '-c:a', 'copy', '-map', '0', '-f', 'mpegts', 'D:/git/DouyinLiveRecorder/downloads/抖音直播/身高183的冯律师/身高183的冯律师_2024-04-14_21-56-17.ts']' returned non-zero exit status 1. 发生错误的行数: 1314
2024-04-14 23:53:11.167 | WARNING  | utils:wrapper:18 - 错误信息: type: ValueError, unknown url type: '' in function dingtalk at line: 373
2024-04-15 07:05:30.052 | WARNING  | utils:wrapper:18 - 错误信息: type: ValueError, unknown url type: '' in function dingtalk at line: 373
2024-04-15 09:57:49.683 | WARNING  | utils:wrapper:18 - 错误信息: type: ValueError, unknown url type: '' in function dingtalk at line: 373
2024-04-15 10:58:35.416 | WARNING  | utils:wrapper:18 - 错误信息: type: ValueError, unknown url type: '' in function dingtalk at line: 373
